2025-01-24T07:35:20.026Z [INFO]: Attempting to connect to broker: broker.senselive.io
2025-01-24T07:35:20.029Z [INFO]: Attempting to connect to broker: dashboard.senselive.in
2025-01-24T07:35:46.448Z [INFO]: Attempting to connect to broker: broker.senselive.io
2025-01-24T07:35:46.451Z [INFO]: Attempting to connect to broker: dashboard.senselive.in
2025-01-24T07:39:02.974Z [INFO]: Attempting to connect to broker: broker.senselive.io
2025-01-24T07:39:02.977Z [INFO]: Attempting to connect to broker: dashboard.senselive.in
2025-01-24T07:41:54.414Z [INFO]: Attempting to connect to broker: broker.senselive.io
2025-01-24T07:41:54.417Z [INFO]: Attempting to connect to broker: dashboard.senselive.in
2025-01-24T07:50:13.835Z [INFO]: Attempting to connect to broker: broker.senselive.io
2025-01-24T07:50:13.838Z [INFO]: Attempting to connect to broker: dashboard.senselive.in
2025-01-24T07:50:24.894Z [INFO]: Attempting to connect to broker: broker.senselive.io
2025-01-24T07:50:24.896Z [INFO]: Attempting to connect to broker: dashboard.senselive.in
{"level":30,"time":1737705244373,"msg":"Attempting to connect to broker: broker.senselive.io"}
{"level":30,"time":1737705244378,"msg":"Attempting to connect to broker: dashboard.senselive.in"}
{"level":30,"time":1737705305640,"msg":"Attempting to connect to broker: broker.senselive.io"}
{"level":30,"time":1737705305645,"msg":"Attempting to connect to broker: dashboard.senselive.in"}
2025-01-24T07:56:43.931Z [INFO]: Attempting to connect to broker: broker.senselive.io
2025-01-24T07:56:43.934Z [INFO]: Attempting to connect to broker: dashboard.senselive.in
2025-01-24T07:59:51.756Z [INFO]: Attempting to connect to broker: broker.senselive.io
2025-01-24T07:59:51.758Z [INFO]: Attempting to connect to broker: dashboard.senselive.in
2025-01-24T08:00:14.371Z [INFO]: Attempting to connect to broker: broker.senselive.io
2025-01-24T08:00:14.374Z [INFO]: Attempting to connect to broker: dashboard.senselive.in
2025-01-24T08:02:14.480Z [INFO]: Attempting to connect to broker: broker.senselive.io
2025-01-24T08:02:14.483Z [INFO]: Attempting to connect to broker: dashboard.senselive.in
2025-01-24T08:02:24.757Z [INFO]: Attempting to connect to broker: broker.senselive.io
2025-01-24T08:02:24.760Z [INFO]: Attempting to connect to broker: dashboard.senselive.in
2025-01-24T08:03:04.645Z [INFO]: Attempting to connect to broker: broker.senselive.io
2025-01-24T08:03:04.647Z [INFO]: Attempting to connect to broker: dashboard.senselive.in
2025-01-24T08:03:34.766Z [INFO]: Attempting to connect to broker: broker.senselive.io
2025-01-24T08:03:34.768Z [INFO]: Attempting to connect to broker: dashboard.senselive.in
2025-01-24T08:05:31.472Z [INFO]: Attempting to connect to broker: broker.senselive.io
2025-01-24T08:05:31.475Z [INFO]: Attempting to connect to broker: dashboard.senselive.in
2025-01-24T08:05:40.274Z [INFO]: Attempting to connect to broker: broker.senselive.io
2025-01-24T08:05:40.277Z [INFO]: Attempting to connect to broker: dashboard.senselive.in
2025-01-24T08:06:03.157Z [INFO]: Attempting to connect to broker: broker.senselive.io
2025-01-24T08:06:03.166Z [INFO]: Attempting to connect to broker: dashboard.senselive.in
2025-01-24T08:06:22.327Z [INFO]: Attempting to connect to broker: broker.senselive.io
2025-01-24T08:06:22.330Z [INFO]: Attempting to connect to broker: dashboard.senselive.in
2025-01-24T08:07:07.016Z [INFO]: Attempting to connect to broker: broker.senselive.io
2025-01-24T08:07:07.019Z [INFO]: Attempting to connect to broker: dashboard.senselive.in
2025-01-24T08:08:44.774Z [INFO]: Attempting to connect to broker: broker.senselive.io
2025-01-24T08:08:44.777Z [INFO]: Attempting to connect to broker: dashboard.senselive.in
2025-01-24T08:13:28.964Z [[32minfo[39m]: Attempting to connect to broker: broker.senselive.io
2025-01-24T08:13:28.968Z [[32minfo[39m]: Attempting to connect to broker: dashboard.senselive.in
2025-01-24T08:13:41.820Z [[32minfo[39m]: Attempting to connect to broker: broker.senselive.io
2025-01-24T08:13:41.823Z [[32minfo[39m]: Attempting to connect to broker: dashboard.senselive.in
2025-01-24T08:14:24.306Z [INFO]: Attempting to connect to broker: broker.senselive.io
2025-01-24T08:14:24.309Z [INFO]: Attempting to connect to broker: dashboard.senselive.in
2025-01-24T08:15:16.562Z [[32minfo[39m]: Attempting to connect to broker: broker.senselive.io
2025-01-24T08:15:16.565Z [[32minfo[39m]: Attempting to connect to broker: dashboard.senselive.in
2025-01-24T08:16:16.514Z [[32minfo[39m]: Attempting to connect to broker: broker.senselive.io
2025-01-24T08:16:16.517Z [[32minfo[39m]: Attempting to connect to broker: dashboard.senselive.in
